C51 COMPILER V9.57.0.0   MAIN                                                              08/05/2020 15:50:41 PAGE 1   


C51 COMPILER V9.57.0.0, COMPILATION OF MODULE MAIN
OBJECT MODULE PLACED IN .\Objects\main.obj
COMPILER INVOKED BY: D:\Program Files\Keil_v5\C51\BIN\C51.EXE main.c OPTIMIZE(8,SPEED) BROWSE DEBUG OBJECTEXTEND PRINT(.
                    -\Listings\main.lst) TABS(2) OBJECT(.\Objects\main.obj)

line level    source

   1          #include "REG51.h"
   2          #include "oled.h"
   3          #include "painting.h"       
   4          #include "GOL.h"   
*** WARNING C318 IN LINE 5 OF GOL.h: can't open file 'painting_g.h'
   5          
   6          int main(void)
   7          { 
   8   1        OLED_Init();//初始化OLED
   9   1        OLED_ColorTurn(0);//0正常显示，1 反色显示
  10   1        OLED_DisplayTurn(0);//0正常显示 1 屏幕翻转显示
  11   1        while(1) 
  12   1        {   
  13   2            GOL(cache,cache_g);
*** WARNING C182 IN LINE 13 OF main.c: pointer to different objects
*** WARNING C182 IN LINE 13 OF main.c: pointer to different objects
  14   2            OLED_print(cache_g);
*** WARNING C182 IN LINE 14 OF main.c: pointer to different objects
  15   2            GOL(cache_g,cache);
*** WARNING C182 IN LINE 15 OF main.c: pointer to different objects
*** WARNING C182 IN LINE 15 OF main.c: pointer to different objects
  16   2            OLED_print(cache);
*** WARNING C182 IN LINE 16 OF main.c: pointer to different objects
  17   2          /*if(P2^4 == 0){
  18   2            while(P2^4==0){
  19   2            u8 xdata pp[]={0x18,0x18,0x00,0x00,0x00,0x00,0x00,0x00,0x08,0x1C,0x3E,0x55,0x63,0x00,0x00,0x60,
  20   2                           0x60,0x80,0xE0,0x08,0xF8,0x30,0x00,0x00,0x8C,0xF8,0xD8,0xD8,0x70,0x00,0x00,0x00,
  21   2                   0x00,0x00,0x60,0x60,0x00,0x00,0x00,0x00,0x00,0x00,0x00,0x00,0x00,0x00,0x00,0x00,
  22   2                   0x00,0x00,0x00,0x00,0x00,0x00};
  23   2                  u8 xdata qq[]={0x00,0x00,0x00,0x00,0x00,0x00,0x01,0x00,0x00,
  24   2                       0x00,0x00,0x00,0x00,0x00,0x00,0x00,0x00,0x00};
  25   2            u8 i;
  26   2            u8 *q=cache,*p=cache_g;
  27   2                  for(i=0;i<37;i++){
  28   2              *q++=pp[i];
  29   2              *p++=pp[i];}
  30   2            for(i=0;i<19;i++){
  31   2              q+=92;
  32   2              p+=92;
  33   2              *q++=qq[i];
  34   2              *p++=qq[i];}
  35   2            break;}
  36   2            };*/
  37   2             
  38   2        }
  39   1      }


MODULE INFORMATION:   STATIC OVERLAYABLE
   CODE SIZE        =   1379    ----
   CONSTANT SIZE    =   ----    ----
   XDATA SIZE       =   2048    ----
   PDATA SIZE       =   ----    ----
   DATA SIZE        =   ----    ----
C51 COMPILER V9.57.0.0   MAIN                                                              08/05/2020 15:50:41 PAGE 2   

   IDATA SIZE       =   ----    ----
   BIT SIZE         =   ----    ----
END OF MODULE INFORMATION.


C51 COMPILATION COMPLETE.  7 WARNING(S),  0 ERROR(S)
